Arguments: 
  C:\Program Files\nodejs\node.exe C:\Users\dell\AppData\Roaming\npm\node_modules\yarn\bin\yarn.js add @mui

PATH: 
  C:\WINDOWS\system32;C:\WINDOWS;C:\WINDOWS\System32\Wbem;C:\WINDOWS\System32\WindowsPowerShell\v1.0\;C:\WINDOWS\System32\OpenSSH\;C:\Program Files\nodejs\;C:\Program Files\Git\cmd;C:\Program Files\Cloudflare\Cloudflare WARP\;C:\Users\dell\AppData\Local\Microsoft\WindowsApps;;C:\Users\dell\AppData\Local\Programs\Microsoft VS Code\bin;C:\Users\dell\AppData\Roaming\npm

Yarn version: 
  1.22.19

Node version: 
  18.13.0

Platform: 
  win32 x64

Trace: 
  Error: https://registry.yarnpkg.com/@mui: Request "https://registry.yarnpkg.com/@mui" returned a 405
      at params.callback [as _callback] (C:\Users\dell\AppData\Roaming\npm\node_modules\yarn\lib\cli.js:66154:18)
      at self.callback (C:\Users\dell\AppData\Roaming\npm\node_modules\yarn\lib\cli.js:140890:22)
      at Request.emit (node:events:513:28)
      at Request.<anonymous> (C:\Users\dell\AppData\Roaming\npm\node_modules\yarn\lib\cli.js:141862:10)
      at Request.emit (node:events:513:28)
      at IncomingMessage.<anonymous> (C:\Users\dell\AppData\Roaming\npm\node_modules\yarn\lib\cli.js:141784:12)
      at Object.onceWrapper (node:events:627:28)
      at IncomingMessage.emit (node:events:525:35)
      at endReadableNT (node:internal/streams/readable:1359:12)
      at process.processTicksAndRejections (node:internal/process/task_queues:82:21)

npm manifest: 
  {
    "dependencies": {
      "react-icon": "^1.0.0",
      "react-icons": "^4.8.0",
      "react-router-dom": "^6.10.0",
      "swiper": "^9.2.0"
    }
  }

yarn manifest: 
  No manifest

Lockfile: 
  # THIS IS AN AUTOGENERATED FILE. DO NOT EDIT THIS FILE DIRECTLY.
  # yarn lockfile v1
  
  
  "@remix-run/router@1.5.0":
    version "1.5.0"
    resolved "https://registry.yarnpkg.com/@remix-run/router/-/router-1.5.0.tgz#57618e57942a5f0131374a9fdb0167e25a117fdc"
    integrity sha512-bkUDCp8o1MvFO+qxkODcbhSqRa6P2GXgrGZVpt0dCXNW2HCSCqYI0ZoAqEOSAjRWmmlKcYgFvN4B4S+zo/f8kg==
  
  react-icon@^1.0.0:
    version "1.0.0"
    resolved "https://registry.yarnpkg.com/react-icon/-/react-icon-1.0.0.tgz#6038598eb07fb3e64b3e7865d271f79f3559de0b"
    integrity sha512-VzSlpBHnLanVw79mOxyq98hWDi6DlxK9qPiZ1bAK6bLurMBCaxO/jjyYUrRx9+JGLc/NbnwOmyE/W5Qglbb2QA==
  
  react-icons@^4.8.0:
    version "4.8.0"
    resolved "https://registry.yarnpkg.com/react-icons/-/react-icons-4.8.0.tgz#621e900caa23b912f737e41be57f27f6b2bff445"
    integrity sha512-N6+kOLcihDiAnj5Czu637waJqSnwlMNROzVZMhfX68V/9bu9qHaMIJC4UdozWoOk57gahFCNHwVvWzm0MTzRjg==
  
  react-router-dom@^6.10.0:
    version "6.10.0"
    resolved "https://registry.yarnpkg.com/react-router-dom/-/react-router-dom-6.10.0.tgz#090ddc5c84dc41b583ce08468c4007c84245f61f"
    integrity sha512-E5dfxRPuXKJqzwSe/qGcqdwa18QiWC6f3H3cWXM24qj4N0/beCIf/CWTipop2xm7mR0RCS99NnaqPNjHtrAzCg==
    dependencies:
      "@remix-run/router" "1.5.0"
      react-router "6.10.0"
  
  react-router@6.10.0:
    version "6.10.0"
    resolved "https://registry.yarnpkg.com/react-router/-/react-router-6.10.0.tgz#230f824fde9dd0270781b5cb497912de32c0a971"
    integrity sha512-Nrg0BWpQqrC3ZFFkyewrflCud9dio9ME3ojHCF/WLsprJVzkq3q3UeEhMCAW1dobjeGbWgjNn/PVF6m46ANxXQ==
    dependencies:
      "@remix-run/router" "1.5.0"
  
  ssr-window@^4.0.2:
    version "4.0.2"
    resolved "https://registry.yarnpkg.com/ssr-window/-/ssr-window-4.0.2.tgz#dc6b3ee37be86ac0e3ddc60030f7b3bc9b8553be"
    integrity sha512-ISv/Ch+ig7SOtw7G2+qkwfVASzazUnvlDTwypdLoPoySv+6MqlOV10VwPSE6EWkGjhW50lUmghPmpYZXMu/+AQ==
  
  swiper@^9.2.0:
    version "9.2.0"
    resolved "https://registry.yarnpkg.com/swiper/-/swiper-9.2.0.tgz#40e950b1c0d516403b3bf7083560ebac22a6f325"
    integrity sha512-lWK9toYumUQss+YuTL+Mt0+8twiMJEyzioER4bbS4rrGHlkeLrDM8uhtAmnpdijELrNscuNUujDgKoMQZfQGlQ==
    dependencies:
      ssr-window "^4.0.2"
